<?xml version="1.0" encoding="UTF-8"?>
<testng-results ignored="4" total="7" passed="3" failed="0" skipped="0">
  <reporter-output>
  </reporter-output>
  <suite started-at="2020-10-15T21:11:44 EEST" name="Base Suite" finished-at="2020-10-15T21:12:09 EEST" duration-ms="25621">
    <groups>
    </groups>
    <test started-at="2020-10-15T21:11:44 EEST" name="Market Tests" finished-at="2020-10-15T21:12:09 EEST" duration-ms="25621">
      <class name="market.tests.MerchantsRegistrationTests">
        <test-method is-config="true" signature="setUp(java.lang.String, java.lang.String)[pri:0, instance:market.tests.MerchantsRegistrationTests@50dfbc58]" started-at="2020-10-15T21:11:44 EEST" name="setUp" finished-at="2020-10-15T21:11:49 EEST" duration-ms="4922" status="PASS">
          <params>
            <param index="0">
              <value>
                <![CDATA[chrome]]>
              </value>
            </param>
            <param index="1">
              <value>
                <![CDATA[less]]>
              </value>
            </param>
          </params>
          <reporter-output>
          </reporter-output>
        </test-method> <!-- setUp -->
        <test-method signature="fillMerchantRequest(java.lang.String, java.lang.String, java.lang.String, java.lang.String, java.lang.String)[pri:0, instance:market.tests.MerchantsRegistrationTests@50dfbc58]" started-at="2020-10-15T21:11:49 EEST" name="fillMerchantRequest" data-provider="merchDataProvider" finished-at="2020-10-15T21:12:00 EEST" duration-ms="10516" status="PASS">
          <params>
            <param index="0">
              <value>
                <![CDATA[Петров]]>
              </value>
            </param>
            <param index="1">
              <value>
                <![CDATA[Леонид]]>
              </value>
            </param>
            <param index="2">
              <value>
                <![CDATA[Алексеевич]]>
              </value>
            </param>
            <param index="3">
              <value>
                <![CDATA[12/12/1970]]>
              </value>
            </param>
            <param index="4">
              <value>
                <![CDATA[Мужской]]>
              </value>
            </param>
          </params>
          <reporter-output>
          </reporter-output>
        </test-method> <!-- fillMerchantRequest -->
        <test-method signature="fillMerchantRequest(java.lang.String, java.lang.String, java.lang.String, java.lang.String, java.lang.String)[pri:0, instance:market.tests.MerchantsRegistrationTests@50dfbc58]" started-at="2020-10-15T21:12:00 EEST" name="fillMerchantRequest" data-provider="merchDataProvider" finished-at="2020-10-15T21:12:07 EEST" duration-ms="6907" status="PASS">
          <params>
            <param index="0">
              <value>
                <![CDATA[Попова]]>
              </value>
            </param>
            <param index="1">
              <value>
                <![CDATA[Екатерина]]>
              </value>
            </param>
            <param index="2">
              <value>
                <![CDATA[Дмитриевна]]>
              </value>
            </param>
            <param index="3">
              <value>
                <![CDATA[21/05/1981]]>
              </value>
            </param>
            <param index="4">
              <value>
                <![CDATA[Женский]]>
              </value>
            </param>
          </params>
          <reporter-output>
          </reporter-output>
        </test-method> <!-- fillMerchantRequest -->
        <test-method signature="fillMerchantRequest(java.lang.String, java.lang.String, java.lang.String, java.lang.String, java.lang.String)[pri:0, instance:market.tests.MerchantsRegistrationTests@50dfbc58]" started-at="2020-10-15T21:12:07 EEST" name="fillMerchantRequest" data-provider="merchDataProvider" finished-at="2020-10-15T21:12:09 EEST" duration-ms="2516" status="PASS">
          <params>
            <param index="0">
              <value>
                <![CDATA[Кукин]]>
              </value>
            </param>
            <param index="1">
              <value>
                <![CDATA[Кеш]]>
              </value>
            </param>
            <param index="2">
              <value>
                <![CDATA[Климович]]>
              </value>
            </param>
            <param index="3">
              <value>
                <![CDATA[05/03/1977]]>
              </value>
            </param>
            <param index="4">
              <value>
                <![CDATA[Мужской]]>
              </value>
            </param>
          </params>
          <reporter-output>
          </reporter-output>
        </test-method> <!-- fillMerchantRequest -->
        <test-method is-config="true" signature="tearDown()[pri:0, instance:market.tests.MerchantsRegistrationTests@50dfbc58]" started-at="2020-10-15T21:12:09 EEST" name="tearDown" finished-at="2020-10-15T21:12:09 EEST" duration-ms="1" status="PASS">
          <reporter-output>
          </reporter-output>
        </test-method> <!-- tearDown -->
      </class> <!-- market.tests.MerchantsRegistrationTests -->
    </test> <!-- Market Tests -->
  </suite> <!-- Base Suite -->
</testng-results>
