<?xml version="1.0" encoding="UTF-8"?>
<testsuite xmlns:xsi="http://www.w3.org/2001/XMLSchema-instance" xsi:noNamespaceSchemaLocation="https://maven.apache.org/surefire/maven-surefire-plugin/xsd/surefire-test-report-3.0.xsd" version="3.0" name="TestSuite" time="30.972" tests="3" errors="0" skipped="0" failures="0">
  <properties>
[...]
</properties>
  <testcase name="fillMerchantRequest" classname="market.tests.MerchantsRegistrationTests" time="9.269"/>
  <testcase name="fillMerchantRequest" classname="market.tests.MerchantsRegistrationTests" time="4.08"/>
  <testcase name="fillMerchantRequest" classname="market.tests.MerchantsRegistrationTests" time="10.408"/>
</testsuite>