<?xml version="1.0" encoding="UTF-8"?>
<testng-results ignored="0" total="1" passed="1" failed="0" skipped="0">
  <reporter-output>
  </reporter-output>
  <suite started-at="2020-10-01T17:45:42 EEST" name="Base Suite" finished-at="2020-10-01T17:45:59 EEST" duration-ms="17337">
    <groups>
    </groups>
    <test started-at="2020-10-01T17:45:42 EEST" name="Login Tests" finished-at="2020-10-01T17:45:59 EEST" duration-ms="17337">
      <class name="com.ac.automation.LoginTests">
        <test-method is-config="true" signature="setUp()[pri:0, instance:com.ac.automation.LoginTests@5117dd67]" started-at="2020-10-01T17:45:42 EEST" name="setUp" finished-at="2020-10-01T17:45:48 EEST" duration-ms="6295" status="PASS">
          <reporter-output>
          </reporter-output>
        </test-method> <!-- setUp -->
        <test-method signature="testUntitledTestCase()[pri:0, instance:com.ac.automation.LoginTests@5117dd67]" started-at="2020-10-01T17:45:48 EEST" name="testUntitledTestCase" finished-at="2020-10-01T17:45:58 EEST" duration-ms="9437" status="PASS">
          <reporter-output>
          </reporter-output>
        </test-method> <!-- testUntitledTestCase -->
        <test-method is-config="true" signature="tearDown()[pri:0, instance:com.ac.automation.LoginTests@5117dd67]" started-at="2020-10-01T17:45:58 EEST" name="tearDown" finished-at="2020-10-01T17:45:59 EEST" duration-ms="1549" status="PASS">
          <reporter-output>
          </reporter-output>
        </test-method> <!-- tearDown -->
      </class> <!-- com.ac.automation.LoginTests -->
    </test> <!-- Login Tests -->
  </suite> <!-- Base Suite -->
</testng-results>
