<?xml version="1.0" encoding="UTF-8"?>
<testng-results ignored="4" total="7" passed="3" failed="0" skipped="0">
  <reporter-output>
  </reporter-output>
  <suite started-at="2020-10-19T00:33:09 EEST" name="Base Suite" finished-at="2020-10-19T00:33:39 EEST" duration-ms="29704">
    <groups>
    </groups>
    <test started-at="2020-10-19T00:33:09 EEST" name="Market Tests" finished-at="2020-10-19T00:33:39 EEST" duration-ms="29704">
      <class name="market.tests.MerchantsRegistrationTests">
        <test-method is-config="true" signature="setUp(java.lang.String, java.lang.String)[pri:0, instance:market.tests.MerchantsRegistrationTests@768fc0f2]" started-at="2020-10-19T00:33:09 EEST" name="setUp" finished-at="2020-10-19T00:33:14 EEST" duration-ms="5382" status="PASS">
          <params>
            <param index="0">
              <value>
                <![CDATA[chrome]]>
              </value>
            </param>
            <param index="1">
              <value>
                <![CDATA[home]]>
              </value>
            </param>
          </params>
          <reporter-output>
          </reporter-output>
        </test-method> <!-- setUp -->
        <test-method signature="fillMerchantRequest(java.lang.String, java.lang.String, java.lang.String, java.lang.String, java.lang.String, java.lang.String, java.lang.String, java.lang.String)[pri:0, instance:market.tests.MerchantsRegistrationTests@768fc0f2]" started-at="2020-10-19T00:33:15 EEST" name="fillMerchantRequest" data-provider="merchDataProvider" finished-at="2020-10-19T00:33:24 EEST" duration-ms="9267" status="PASS">
          <params>
            <param index="0">
              <value>
                <![CDATA[Петров]]>
              </value>
            </param>
            <param index="1">
              <value>
                <![CDATA[Леонид]]>
              </value>
            </param>
            <param index="2">
              <value>
                <![CDATA[Алексеевич]]>
              </value>
            </param>
            <param index="3">
              <value>
                <![CDATA[12/12/1970]]>
              </value>
            </param>
            <param index="4">
              <value>
                <![CDATA[Мужской]]>
              </value>
            </param>
            <param index="5">
              <value>
                <![CDATA[Калининградская область]]>
              </value>
            </param>
            <param index="6">
              <value>
                <![CDATA[Гусев]]>
              </value>
            </param>
            <param index="7">
              <value>
                <![CDATA[Адрм 1]]>
              </value>
            </param>
          </params>
          <reporter-output>
          </reporter-output>
        </test-method> <!-- fillMerchantRequest -->
        <test-method signature="fillMerchantRequest(java.lang.String, java.lang.String, java.lang.String, java.lang.String, java.lang.String, java.lang.String, java.lang.String, java.lang.String)[pri:0, instance:market.tests.MerchantsRegistrationTests@768fc0f2]" started-at="2020-10-19T00:33:24 EEST" name="fillMerchantRequest" data-provider="merchDataProvider" finished-at="2020-10-19T00:33:28 EEST" duration-ms="4079" status="PASS">
          <params>
            <param index="0">
              <value>
                <![CDATA[Попова]]>
              </value>
            </param>
            <param index="1">
              <value>
                <![CDATA[Екатерина]]>
              </value>
            </param>
            <param index="2">
              <value>
                <![CDATA[Дмитриевна]]>
              </value>
            </param>
            <param index="3">
              <value>
                <![CDATA[21/05/1981]]>
              </value>
            </param>
            <param index="4">
              <value>
                <![CDATA[Женский]]>
              </value>
            </param>
            <param index="5">
              <value>
                <![CDATA[Московская область]]>
              </value>
            </param>
            <param index="6">
              <value>
                <![CDATA[Домодедово]]>
              </value>
            </param>
            <param index="7">
              <value>
                <![CDATA[Адрм 2]]>
              </value>
            </param>
          </params>
          <reporter-output>
          </reporter-output>
        </test-method> <!-- fillMerchantRequest -->
        <test-method signature="fillMerchantRequest(java.lang.String, java.lang.String, java.lang.String, java.lang.String, java.lang.String, java.lang.String, java.lang.String, java.lang.String)[pri:0, instance:market.tests.MerchantsRegistrationTests@768fc0f2]" started-at="2020-10-19T00:33:28 EEST" name="fillMerchantRequest" data-provider="merchDataProvider" finished-at="2020-10-19T00:33:39 EEST" duration-ms="10409" status="PASS">
          <params>
            <param index="0">
              <value>
                <![CDATA[Кукин]]>
              </value>
            </param>
            <param index="1">
              <value>
                <![CDATA[Кеш]]>
              </value>
            </param>
            <param index="2">
              <value>
                <![CDATA[Климович]]>
              </value>
            </param>
            <param index="3">
              <value>
                <![CDATA[05/03/1977]]>
              </value>
            </param>
            <param index="4">
              <value>
                <![CDATA[Мужской]]>
              </value>
            </param>
            <param index="5">
              <value>
                <![CDATA[Республика Мордовия]]>
              </value>
            </param>
            <param index="6">
              <value>
                <![CDATA[Санкт-Петербург]]>
              </value>
            </param>
            <param index="7">
              <value>
                <![CDATA[Адрм 3]]>
              </value>
            </param>
          </params>
          <reporter-output>
          </reporter-output>
        </test-method> <!-- fillMerchantRequest -->
        <test-method is-config="true" signature="tearDown()[pri:0, instance:market.tests.MerchantsRegistrationTests@768fc0f2]" started-at="2020-10-19T00:33:39 EEST" name="tearDown" finished-at="2020-10-19T00:33:39 EEST" duration-ms="0" status="PASS">
          <reporter-output>
          </reporter-output>
        </test-method> <!-- tearDown -->
      </class> <!-- market.tests.MerchantsRegistrationTests -->
    </test> <!-- Market Tests -->
  </suite> <!-- Base Suite -->
</testng-results>
