<?xml version="1.0" encoding="UTF-8"?>
<testng-results ignored="0" total="1" passed="1" failed="0" skipped="0">
  <reporter-output>
  </reporter-output>
  <suite started-at="2020-11-19T18:44:09Z" name="Base Suite" finished-at="2020-11-19T18:44:24Z" duration-ms="14595">
    <groups>
    </groups>
    <test started-at="2020-11-19T18:44:09Z" name="Market Tests" finished-at="2020-11-19T18:44:24Z" duration-ms="14595">
      <class name="market.selenide.MerchantsRegistrationTests">
        <test-method is-config="true" signature="setUp()[pri:0, instance:market.selenide.MerchantsRegistrationTests@27e47833]" started-at="2020-11-19T18:44:09Z" name="setUp" finished-at="2020-11-19T18:44:10Z" duration-ms="39" status="PASS">
          <reporter-output>
          </reporter-output>
        </test-method> <!-- setUp -->
        <test-method signature="fillMerchantRequest()[pri:0, instance:market.selenide.MerchantsRegistrationTests@27e47833]" started-at="2020-11-19T18:44:10Z" name="fillMerchantRequest" finished-at="2020-11-19T18:44:24Z" duration-ms="14535" status="PASS">
          <reporter-output>
          </reporter-output>
        </test-method> <!-- fillMerchantRequest -->
        <test-method is-config="true" signature="tearDown()[pri:0, instance:market.selenide.MerchantsRegistrationTests@27e47833]" started-at="2020-11-19T18:44:24Z" name="tearDown" finished-at="2020-11-19T18:44:24Z" duration-ms="1" status="PASS">
          <reporter-output>
          </reporter-output>
        </test-method> <!-- tearDown -->
      </class> <!-- market.selenide.MerchantsRegistrationTests -->
    </test> <!-- Market Tests -->
  </suite> <!-- Base Suite -->
</testng-results>
