<?xml version="1.0" encoding="UTF-8"?>
<testng-results ignored="1" total="3" passed="2" failed="0" skipped="0">
  <reporter-output>
  </reporter-output>
  <suite started-at="2020-10-13T21:11:51 EEST" name="Base Suite" finished-at="2020-10-13T21:12:28 EEST" duration-ms="36718">
    <groups>
    </groups>
    <test started-at="2020-10-13T21:11:51 EEST" name="Market Tests" finished-at="2020-10-13T21:12:28 EEST" duration-ms="36718">
      <class name="DecisionAutom.CreateMerchantTest">
        <test-method is-config="true" signature="setUp(java.lang.String, java.lang.String)[pri:0, instance:DecisionAutom.CreateMerchantTest@6676f6a0]" started-at="2020-10-13T21:11:51 EEST" name="setUp" finished-at="2020-10-13T21:11:56 EEST" duration-ms="5373" status="PASS">
          <params>
            <param index="0">
              <value>
                <![CDATA[chrome]]>
              </value>
            </param>
            <param index="1">
              <value>
                <![CDATA[less]]>
              </value>
            </param>
          </params>
          <reporter-output>
          </reporter-output>
        </test-method> <!-- setUp -->
        <test-method signature="fillMerchantRequest(java.lang.String, java.lang.String, java.lang.String)[pri:0, instance:DecisionAutom.CreateMerchantTest@6676f6a0]" started-at="2020-10-13T21:11:56 EEST" name="fillMerchantRequest" data-provider="merchDataProvider" finished-at="2020-10-13T21:12:19 EEST" duration-ms="22613" status="PASS">
          <params>
            <param index="0">
              <value>
                <![CDATA[ТФам]]>
              </value>
            </param>
            <param index="1">
              <value>
                <![CDATA[ТИмя]]>
              </value>
            </param>
            <param index="2">
              <value>
                <![CDATA[ТОтч]]>
              </value>
            </param>
          </params>
          <reporter-output>
          </reporter-output>
        </test-method> <!-- fillMerchantRequest -->
        <test-method signature="fillMerchantRequest(java.lang.String, java.lang.String, java.lang.String)[pri:0, instance:DecisionAutom.CreateMerchantTest@6676f6a0]" started-at="2020-10-13T21:12:19 EEST" name="fillMerchantRequest" data-provider="merchDataProvider" finished-at="2020-10-13T21:12:28 EEST" duration-ms="8683" status="PASS">
          <params>
            <param index="0">
              <value>
                <![CDATA[ТФамД]]>
              </value>
            </param>
            <param index="1">
              <value>
                <![CDATA[ТИмяД]]>
              </value>
            </param>
            <param index="2">
              <value>
                <![CDATA[ТОтчд]]>
              </value>
            </param>
          </params>
          <reporter-output>
          </reporter-output>
        </test-method> <!-- fillMerchantRequest -->
        <test-method is-config="true" signature="tearDown()[pri:0, instance:DecisionAutom.CreateMerchantTest@6676f6a0]" started-at="2020-10-13T21:12:28 EEST" name="tearDown" finished-at="2020-10-13T21:12:28 EEST" duration-ms="0" status="PASS">
          <reporter-output>
          </reporter-output>
        </test-method> <!-- tearDown -->
      </class> <!-- DecisionAutom.CreateMerchantTest -->
    </test> <!-- Market Tests -->
  </suite> <!-- Base Suite -->
</testng-results>
