<?xml version="1.0" encoding="UTF-8"?>
<testng-results ignored="1" total="4" passed="3" failed="0" skipped="0">
  <reporter-output>
  </reporter-output>
  <suite started-at="2020-10-14T22:40:05 EEST" name="Base Suite" finished-at="2020-10-14T22:40:50 EEST" duration-ms="44761">
    <groups>
    </groups>
    <test started-at="2020-10-14T22:40:05 EEST" name="Market Tests" finished-at="2020-10-14T22:40:50 EEST" duration-ms="44761">
      <class name="DecisionAutom.CreateMerchantTest">
        <test-method is-config="true" signature="setUp(java.lang.String, java.lang.String)[pri:0, instance:DecisionAutom.CreateMerchantTest@6f19ac19]" started-at="2020-10-14T22:40:05 EEST" name="setUp" finished-at="2020-10-14T22:40:10 EEST" duration-ms="4683" status="PASS">
          <params>
            <param index="0">
              <value>
                <![CDATA[chrome]]>
              </value>
            </param>
            <param index="1">
              <value>
                <![CDATA[home]]>
              </value>
            </param>
          </params>
          <reporter-output>
          </reporter-output>
        </test-method> <!-- setUp -->
        <test-method signature="fillMerchantRequest(java.lang.String, java.lang.String, java.lang.String, java.lang.String)[pri:0, instance:DecisionAutom.CreateMerchantTest@6f19ac19]" started-at="2020-10-14T22:40:10 EEST" name="fillMerchantRequest" data-provider="merchDataProvider" finished-at="2020-10-14T22:40:23 EEST" duration-ms="12791" status="PASS">
          <params>
            <param index="0">
              <value>
                <![CDATA[Петров]]>
              </value>
            </param>
            <param index="1">
              <value>
                <![CDATA[Леонид]]>
              </value>
            </param>
            <param index="2">
              <value>
                <![CDATA[Алексеевич]]>
              </value>
            </param>
            <param index="3">
              <value>
                <![CDATA[12/12/1970]]>
              </value>
            </param>
          </params>
          <reporter-output>
          </reporter-output>
        </test-method> <!-- fillMerchantRequest -->
        <test-method signature="fillMerchantRequest(java.lang.String, java.lang.String, java.lang.String, java.lang.String)[pri:0, instance:DecisionAutom.CreateMerchantTest@6f19ac19]" started-at="2020-10-14T22:40:23 EEST" name="fillMerchantRequest" data-provider="merchDataProvider" finished-at="2020-10-14T22:40:37 EEST" duration-ms="13567" status="PASS">
          <params>
            <param index="0">
              <value>
                <![CDATA[Попова]]>
              </value>
            </param>
            <param index="1">
              <value>
                <![CDATA[Екатерина]]>
              </value>
            </param>
            <param index="2">
              <value>
                <![CDATA[Дмитриевна]]>
              </value>
            </param>
            <param index="3">
              <value>
                <![CDATA[21/05/1981]]>
              </value>
            </param>
          </params>
          <reporter-output>
          </reporter-output>
        </test-method> <!-- fillMerchantRequest -->
        <test-method signature="fillMerchantRequest(java.lang.String, java.lang.String, java.lang.String, java.lang.String)[pri:0, instance:DecisionAutom.CreateMerchantTest@6f19ac19]" started-at="2020-10-14T22:40:37 EEST" name="fillMerchantRequest" data-provider="merchDataProvider" finished-at="2020-10-14T22:40:50 EEST" duration-ms="13251" status="PASS">
          <params>
            <param index="0">
              <value>
                <![CDATA[Кукин]]>
              </value>
            </param>
            <param index="1">
              <value>
                <![CDATA[Кеш]]>
              </value>
            </param>
            <param index="2">
              <value>
                <![CDATA[Климович]]>
              </value>
            </param>
            <param index="3">
              <value>
                <![CDATA[05/03/1977]]>
              </value>
            </param>
          </params>
          <reporter-output>
          </reporter-output>
        </test-method> <!-- fillMerchantRequest -->
        <test-method is-config="true" signature="tearDown()[pri:0, instance:DecisionAutom.CreateMerchantTest@6f19ac19]" started-at="2020-10-14T22:40:50 EEST" name="tearDown" finished-at="2020-10-14T22:40:50 EEST" duration-ms="0" status="PASS">
          <reporter-output>
          </reporter-output>
        </test-method> <!-- tearDown -->
      </class> <!-- DecisionAutom.CreateMerchantTest -->
    </test> <!-- Market Tests -->
  </suite> <!-- Base Suite -->
</testng-results>
