<?xml version="1.0" encoding="UTF-8"?>
<testng-results ignored="5" total="6" passed="1" failed="0" skipped="0">
  <reporter-output>
  </reporter-output>
  <suite started-at="2020-10-19T18:52:09 EEST" name="Base Suite" finished-at="2020-10-19T18:52:42 EEST" duration-ms="32877">
    <groups>
    </groups>
    <test started-at="2020-10-19T18:52:09 EEST" name="Market Tests" finished-at="2020-10-19T18:52:42 EEST" duration-ms="32877">
      <class name="market.tests.MerchantsRegistrationTests">
        <test-method is-config="true" signature="setUp(java.lang.String, java.lang.String)[pri:0, instance:market.tests.MerchantsRegistrationTests@4416d64f]" started-at="2020-10-19T18:52:09 EEST" name="setUp" finished-at="2020-10-19T18:52:16 EEST" duration-ms="6290" status="PASS">
          <params>
            <param index="0">
              <value>
                <![CDATA[chrome]]>
              </value>
            </param>
            <param index="1">
              <value>
                <![CDATA[less]]>
              </value>
            </param>
          </params>
          <reporter-output>
          </reporter-output>
        </test-method> <!-- setUp -->
        <test-method signature="userLogin()[pri:0, instance:market.tests.MerchantsRegistrationTests@4416d64f]" started-at="2020-10-19T18:52:16 EEST" name="userLogin" finished-at="2020-10-19T18:52:42 EEST" duration-ms="26525" status="PASS">
          <reporter-output>
          </reporter-output>
        </test-method> <!-- userLogin -->
        <test-method is-config="true" signature="tearDown()[pri:0, instance:market.tests.MerchantsRegistrationTests@4416d64f]" started-at="2020-10-19T18:52:42 EEST" name="tearDown" finished-at="2020-10-19T18:52:42 EEST" duration-ms="1" status="PASS">
          <reporter-output>
          </reporter-output>
        </test-method> <!-- tearDown -->
      </class> <!-- market.tests.MerchantsRegistrationTests -->
    </test> <!-- Market Tests -->
  </suite> <!-- Base Suite -->
</testng-results>
